Using pre-set license
Built from '2020.3/staging' branch; Version is '2020.3.19f1 (68f137dc9bbe) revision 6877495'; Using compiler version '192528614'; Build Type 'Release'
OS: 'Windows 10 Home; OS build 19043.1237; Version 2009; 64bit' Language: 'en' Physical Memory: 16278 MB
BatchMode: 1, IsHumanControllingUs: 0, StartBugReporterOnCrash: 0, Is64bit: 1, IsPro: 0

COMMAND LINE ARGUMENTS:
C:\Program Files\Unity\Hub\Editor\2020.3.19f1\Editor\Unity.exe
-adb2
-batchMode
-noUpm
-name
AssetImportWorker0
-projectPath
C:/Users/16692/Downloads/UCLA_Tech Seminar_Matthew Conway/Assignment A/Assignment A _Game Engine Artists
-logFile
Logs/AssetImportWorker0.log
-srvPort
62812
Successfully changed project path to: C:/Users/16692/Downloads/UCLA_Tech Seminar_Matthew Conway/Assignment A/Assignment A _Game Engine Artists
C:/Users/16692/Downloads/UCLA_Tech Seminar_Matthew Conway/Assignment A/Assignment A _Game Engine Artists
Using Asset Import Pipeline V2.
Refreshing native plugins compatible for Editor in 26.88 ms, found 2 plugins.
Preloading 0 native plugins for Editor in 0.00 ms.
Initialize engine version: 2020.3.19f1 (68f137dc9bbe)
[Subsystems] Discovering subsystems at path C:/Program Files/Unity/Hub/Editor/2020.3.19f1/Editor/Data/Resources/UnitySubsystems
[Subsystems] Discovering subsystems at path C:/Users/16692/Downloads/UCLA_Tech Seminar_Matthew Conway/Assignment A/Assignment A _Game Engine Artists/Assets
GfxDevice: creating device client; threaded=0
Direct3D:
    Version:  Direct3D 11.0 [level 11.1]
    Renderer: Radeon Pro 560X (ID=0x67ef)
    Vendor:   
    VRAM:     4040 MB
    Driver:   27.20.11036.1002
Initialize mono
Mono path[0] = 'C:/Program Files/Unity/Hub/Editor/2020.3.19f1/Editor/Data/Managed'
Mono path[1] = 'C:/Program Files/Unity/Hub/Editor/2020.3.19f1/Editor/Data/MonoBleedingEdge/lib/mono/unityjit'
Mono config path = 'C:/Program Files/Unity/Hub/Editor/2020.3.19f1/Editor/Data/MonoBleedingEdge/etc'
Using monoOptions --debugger-agent=transport=dt_socket,embedding=1,server=y,suspend=n,address=127.0.0.1:56908
Begin MonoManager ReloadAssembly
Registering precompiled unity dll's ...
Register platform support module: C:/Program Files/Unity/Hub/Editor/2020.3.19f1/Editor/Data/PlaybackEngines/WindowsStandaloneSupport/UnityEditor.WindowsStandalone.Extensions.dll
Registered in 0.001917 seconds.
Native extension for WindowsStandalone target not found
Refreshing native plugins compatible for Editor in 26.97 ms, found 2 plugins.
Preloading 0 native plugins for Editor in 0.00 ms.
Mono: successfully reloaded assembly
- Completed reload, in  1.815 seconds
Domain Reload Profiling:
	ReloadAssembly (1815ms)
		BeginReloadAssembly (51ms)
			ExecutionOrderSort (0ms)
			DisableScriptedObjects (0ms)
			BackupInstance (0ms)
			ReleaseScriptingObjects (0ms)
			CreateAndSetChildDomain (1ms)
		EndReloadAssembly (385ms)
			LoadAssemblies (49ms)
			RebuildTransferFunctionScriptingTraits (0ms)
			SetupTypeCache (139ms)
			ReleaseScriptCaches (0ms)
			RebuildScriptCaches (29ms)
			SetupLoadedEditorAssemblies (150ms)
				LogAssemblyErrors (0ms)
				InitializePlatformSupportModulesInManaged (4ms)
				SetLoadedEditorAssemblies (0ms)
				RefreshPlugins (27ms)
				BeforeProcessingInitializeOnLoad (15ms)
				ProcessInitializeOnLoadAttributes (76ms)
				ProcessInitializeOnLoadMethodAttributes (28ms)
				AfterProcessingInitializeOnLoad (0ms)
				EditorAssembliesLoaded (0ms)
			ExecutionOrderSort2 (0ms)
			AwakeInstancesAfterBackupRestoration (0ms)
Platform modules already initialized, skipping
Registering precompiled user dll's ...
Registered in 0.002630 seconds.
Begin MonoManager ReloadAssembly
Native extension for WindowsStandalone target not found
Refreshing native plugins compatible for Editor in 0.28 ms, found 2 plugins.
Preloading 0 native plugins for Editor in 0.00 ms.
Mono: successfully reloaded assembly
- Completed reload, in  0.960 seconds
Domain Reload Profiling:
	ReloadAssembly (960ms)
		BeginReloadAssembly (140ms)
			ExecutionOrderSort (0ms)
			DisableScriptedObjects (4ms)
			BackupInstance (0ms)
			ReleaseScriptingObjects (0ms)
			CreateAndSetChildDomain (17ms)
		EndReloadAssembly (759ms)
			LoadAssemblies (81ms)
			RebuildTransferFunctionScriptingTraits (0ms)
			SetupTypeCache (250ms)
			ReleaseScriptCaches (0ms)
			RebuildScriptCaches (41ms)
			SetupLoadedEditorAssemblies (297ms)
				LogAssemblyErrors (0ms)
				InitializePlatformSupportModulesInManaged (5ms)
				SetLoadedEditorAssemblies (0ms)
				RefreshPlugins (0ms)
				BeforeProcessingInitializeOnLoad (73ms)
				ProcessInitializeOnLoadAttributes (208ms)
				ProcessInitializeOnLoadMethodAttributes (4ms)
				AfterProcessingInitializeOnLoad (6ms)
				EditorAssembliesLoaded (0ms)
			ExecutionOrderSort2 (0ms)
			AwakeInstancesAfterBackupRestoration (6ms)
Platform modules already initialized, skipping
========================================================================
Worker process is ready to serve import requests
Launched and connected shader compiler UnityShaderCompiler.exe after 0.06 seconds
Refreshing native plugins compatible for Editor in 0.27 ms, found 2 plugins.
Preloading 0 native plugins for Editor in 0.00 ms.
Unloading 1397 Unused Serialized files (Serialized files now loaded: 0)
System memory in use before: 77.4 MB.
System memory in use after: 77.5 MB.

Unloading 16 unused Assets to reduce memory usage. Loaded Objects now: 1846.
Total: 2.511300 ms (FindLiveObjects: 0.122900 ms CreateObjectMapping: 0.045900 ms MarkObjects: 2.277700 ms  DeleteObjects: 0.064000 ms)

AssetImportParameters requested are different than current active one (requested -> active):
  custom:framework-win-MediaFoundation: 216162199b28c13a410421893ffa2e32 -> 
  custom:video-decoder-ogg-theora: a1e56fd34408186e4bbccfd4996cb3dc -> 
  custom:container-muxer-webm: aa71ff27fc2769a1b78a27578f13a17b -> 
  custom:container-demuxer-webm: 4f35f7cbe854078d1ac9338744f61a02 -> 
  custom:container-demuxer-ogg: 62fdf1f143b41e24485cea50d1cbac27 -> 
  custom:video-encoder-webm-vp8: eb34c28f22e8b96e1ab97ce403110664 -> 
  custom:video-decoder-webm-vp8: 9c59270c3fd7afecdb556c50c9e8de78 -> 
  custom:audio-decoder-ogg-vorbis: bf7c407c2cedff20999df2af8eb42d56 -> 
  custom:audio-encoder-webm-vorbis: bf7c407c2cedff20999df2af8eb42d56 -> 
========================================================================
Received Import Request.
  path: Assets/_Geometries/skye-02.obj
  artifactKey: Guid(b4cd437b99cf21e48aa10d6b92483c11) Importer(815301076,1909f56bfc062723c751e8b465ee728b)
Start importing Assets/_Geometries/skye-02.obj using Guid(b4cd437b99cf21e48aa10d6b92483c11) Importer(815301076,1909f56bfc062723c751e8b465ee728b)  -> (artifact id: 'f386fa4504ea4ae8eeaeafe305bb28b0') in 0.161661 seconds 
  Import took 0.163726 seconds .

========================================================================
Received Import Request.
  Time since last request: 0.000185 seconds.
  path: Assets/_Geometries/skye-01.obj
  artifactKey: Guid(a859f9c2a1cec744591bfdac5b7de59e) Importer(815301076,1909f56bfc062723c751e8b465ee728b)
Start importing Assets/_Geometries/skye-01.obj using Guid(a859f9c2a1cec744591bfdac5b7de59e) Importer(815301076,1909f56bfc062723c751e8b465ee728b)  -> (artifact id: 'e8217e4aed646b04ea1dbcdecdd08509') in 0.026863 seconds 
  Import took 0.029531 seconds .

========================================================================
Received Import Request.
  Time since last request: 0.000182 seconds.
  path: Assets/_Geometries/sky-03.obj
  artifactKey: Guid(90f2ed73bf8725940a8f97180220289c) Importer(815301076,1909f56bfc062723c751e8b465ee728b)
Start importing Assets/_Geometries/sky-03.obj using Guid(90f2ed73bf8725940a8f97180220289c) Importer(815301076,1909f56bfc062723c751e8b465ee728b)  -> (artifact id: '86d5858e3964455fd157229d1117c546') in 0.022765 seconds 
  Import took 0.024862 seconds .

========================================================================
Received Import Request.
  Time since last request: 90.187776 seconds.
  path: Assets/_Materials/Red 1.mat
  artifactKey: Guid(1d8bbfbe48fd161468d0bebf2116f1d8) Importer(815301076,1909f56bfc062723c751e8b465ee728b)
Start importing Assets/_Materials/Red 1.mat using Guid(1d8bbfbe48fd161468d0bebf2116f1d8) Importer(815301076,1909f56bfc062723c751e8b465ee728b)  -> (artifact id: '08e04defd40b3afd36ffd6593774bb77') in 0.018420 seconds 
  Import took 0.020845 seconds .

========================================================================
Received Import Request.
  Time since last request: 0.453226 seconds.
  path: Assets/_Materials/Red 2.mat
  artifactKey: Guid(3c393608000bb3e43a9b758d1826a756) Importer(815301076,1909f56bfc062723c751e8b465ee728b)
Start importing Assets/_Materials/Red 2.mat using Guid(3c393608000bb3e43a9b758d1826a756) Importer(815301076,1909f56bfc062723c751e8b465ee728b)  -> (artifact id: '66df90a34babe26d5579469b8d1eb739') in 0.013992 seconds 
  Import took 0.017100 seconds .

========================================================================
Received Import Request.
  Time since last request: 80.148695 seconds.
  path: Assets/_Materials/Light Blue.mat
  artifactKey: Guid(a1d94a6becba5c44394d6a58cfc6c8a9) Importer(815301076,1909f56bfc062723c751e8b465ee728b)
Start importing Assets/_Materials/Light Blue.mat using Guid(a1d94a6becba5c44394d6a58cfc6c8a9) Importer(815301076,1909f56bfc062723c751e8b465ee728b)  -> (artifact id: '49c75526730d85a3344dc5452869fa56') in 0.011952 seconds 
  Import took 0.014389 seconds .

========================================================================
Received Import Request.
  Time since last request: 15.505909 seconds.
  path: Assets/_Materials/Dark Blue.mat
  artifactKey: Guid(da0e8ea93e4790840a2fb92b3254e9e8) Importer(815301076,1909f56bfc062723c751e8b465ee728b)
Start importing Assets/_Materials/Dark Blue.mat using Guid(da0e8ea93e4790840a2fb92b3254e9e8) Importer(815301076,1909f56bfc062723c751e8b465ee728b)  -> (artifact id: '43b3c0274e6ec8eb1b3449790fddc87c') in 0.012294 seconds 
  Import took 0.014545 seconds .

========================================================================
Received Import Request.
  Time since last request: 4.679100 seconds.
  path: Assets/_Materials/Green.mat
  artifactKey: Guid(1d8bbfbe48fd161468d0bebf2116f1d8) Importer(815301076,1909f56bfc062723c751e8b465ee728b)
Start importing Assets/_Materials/Green.mat using Guid(1d8bbfbe48fd161468d0bebf2116f1d8) Importer(815301076,1909f56bfc062723c751e8b465ee728b)  -> (artifact id: '0ffae0cbff70c6d3511d005a41f376ad') in 0.013773 seconds 
  Import took 0.016065 seconds .

========================================================================
Received Import Request.
  Time since last request: 6.132541 seconds.
  path: Assets/_Materials/yellow.mat
  artifactKey: Guid(3c393608000bb3e43a9b758d1826a756) Importer(815301076,1909f56bfc062723c751e8b465ee728b)
Start importing Assets/_Materials/yellow.mat using Guid(3c393608000bb3e43a9b758d1826a756) Importer(815301076,1909f56bfc062723c751e8b465ee728b)  -> (artifact id: '08e9fd35e0b18c32417c7a75c429d2d2') in 0.011968 seconds 
  Import took 0.014171 seconds .

AssetImportWorkerClient::OnTransportError - code=2 error=End of file
